<?xml version="1.0" encoding="UTF-8"?>
<!-- Generated by org.testng.reporters.JUnitReportReporter -->
<testsuite hostname="MPC40" failures="0" tests="1" name="tests.testBase" time="13.205" errors="0" timestamp="2022-12-02T18:59:09 IST" skipped="0">
  <testcase classname="tests.testBase" name="launch" time="13.205"/>
  <system-out/>
</testsuite> <!-- tests.testBase -->
