<?xml version="1.0" encoding="UTF-8"?>
<!-- Generated by org.testng.reporters.JUnitReportReporter -->
<testsuite hostname="MPC40" failures="0" tests="12" name="tests.PerformRentalWithInsurance" time="340.301" errors="0" timestamp="2022-12-08T13:44:57 IST" skipped="0">
  <testcase classname="tests.PerformRentalWithInsurance" name="AddDemographic" time="23.620"/>
  <system-out/>
  <testcase classname="tests.PerformRentalWithInsurance" name="DocumentScreen" time="22.447"/>
  <system-out/>
  <testcase classname="tests.PerformRentalWithInsurance" name="RentalVerify" time="7.746"/>
  <system-out/>
  <testcase classname="tests.PerformRentalWithInsurance" name="CustomerInfo" time="73.959"/>
  <system-out/>
  <testcase classname="tests.PerformRentalWithInsurance" name="ClickCompleteRental" time="1.091"/>
  <system-out/>
  <testcase classname="tests.PerformRentalWithInsurance" name="PaymentScreen" time="36.900"/>
  <system-out/>
  <testcase classname="tests.PerformRentalWithInsurance" name="ContactInfoScreen" time="26.762"/>
  <system-out/>
  <testcase classname="tests.PerformRentalWithInsurance" name="CustomerListingScreen" time="0.003"/>
  <system-out/>
  <testcase classname="tests.PerformRentalWithInsurance" name="UnitInfoScreen" time="77.024"/>
  <system-out/>
  <testcase classname="tests.PerformRentalWithInsurance" name="ProspectsClickNewButton" time="39.729"/>
  <system-out/>
  <testcase classname="tests.PerformRentalWithInsurance" name="Login" time="31.017"/>
  <system-out/>
  <testcase classname="tests.PerformRentalWithInsurance" name="UnitInfoAfterTransaction" time="0.003"/>
  <system-out/>
</testsuite> <!-- tests.PerformRentalWithInsurance -->
