<?xml version="1.0" encoding="UTF-8"?>
<!-- Generated by org.testng.reporters.JUnitReportReporter -->
<testsuite hostname="MPC40" failures="0" tests="15" name="tests.PerformRentalWithInsurance" time="356.711" errors="0" timestamp="2022-12-20T16:44:47 IST" skipped="0">
  <testcase classname="tests.PerformRentalWithInsurance" name="Login" time="31.610"/>
  <system-out/>
  <testcase classname="tests.PerformRentalWithInsurance" name="RentalVerify" time="7.764"/>
  <system-out/>
  <testcase classname="tests.PerformRentalWithInsurance" name="CustomerInfo" time="68.488"/>
  <system-out/>
  <testcase classname="tests.PerformRentalWithInsurance" name="ContactInfoScreen" time="25.022"/>
  <system-out/>
  <testcase classname="tests.PerformRentalWithInsurance" name="UnitInfoScreen" time="77.477"/>
  <system-out/>
  <testcase classname="tests.PerformRentalWithInsurance" name="AddDemographic" time="23.835"/>
  <system-out/>
  <testcase classname="tests.PerformRentalWithInsurance" name="DocumentScreen" time="22.777"/>
  <system-out/>
  <testcase classname="tests.PerformRentalWithInsurance" name="Login" time="30.036"/>
  <system-out/>
  <testcase classname="tests.PerformRentalWithInsurance" name="setUp" time="13.552"/>
  <system-out/>
  <testcase classname="tests.PerformRentalWithInsurance" name="ClickCompleteRental" time="1.106"/>
  <system-out/>
  <testcase classname="tests.PerformRentalWithInsurance" name="PaymentScreen" time="32.828"/>
  <system-out/>
  <testcase classname="tests.PerformRentalWithInsurance" name="ProspectsClickNewButton" time="22.154"/>
  <system-out/>
  <testcase classname="tests.PerformRentalWithInsurance" name="setUp" time="0.056"/>
  <system-out/>
  <testcase classname="tests.PerformRentalWithInsurance" name="UnitInfoAfterTransaction" time="0.004"/>
  <system-out/>
  <testcase classname="tests.PerformRentalWithInsurance" name="CustomerListingScreen" time="0.002"/>
  <system-out/>
</testsuite> <!-- tests.PerformRentalWithInsurance -->
