<?xml version="1.0" encoding="UTF-8"?>
<!-- Generated by org.testng.reporters.JUnitReportReporter -->
<testsuite hostname="MPC40" failures="0" tests="10" name="tests.MoveOutForPastDueUnits" time="279.340" errors="0" timestamp="2022-12-20T17:20:47 IST" skipped="0">
  <testcase classname="tests.MoveOutForPastDueUnits" name="ClickMoveoutButton" time="5.569"/>
  <system-out/>
  <testcase classname="tests.MoveOutForPastDueUnits" name="setUp" time="0.070"/>
  <system-out/>
  <testcase classname="tests.MoveOutForPastDueUnits" name="CustomerListingScreen" time="34.937"/>
  <system-out/>
  <testcase classname="tests.MoveOutForPastDueUnits" name="documentGen" time="41.692"/>
  <system-out/>
  <testcase classname="tests.MoveOutForPastDueUnits" name="performPaymentatMoveout" time="34.154"/>
  <system-out/>
  <testcase classname="tests.MoveOutForPastDueUnits" name="setUp" time="19.900"/>
  <system-out/>
  <testcase classname="tests.MoveOutForPastDueUnits" name="Login" time="38.366"/>
  <system-out/>
  <testcase classname="tests.MoveOutForPastDueUnits" name="CustomerDashboardScreen" time="43.646"/>
  <system-out/>
  <testcase classname="tests.MoveOutForPastDueUnits" name="Login" time="31.255"/>
  <system-out/>
  <testcase classname="tests.MoveOutForPastDueUnits" name="clickMoveOutButtoninMOScreen" time="29.751"/>
  <system-out/>
</testsuite> <!-- tests.MoveOutForPastDueUnits -->
