<?xml version="1.0" encoding="UTF-8"?>
<!-- Generated by org.testng.reporters.JUnitReportReporter -->
<testsuite hostname="MPC40" failures="0" tests="7" name="tests.MoveOutForPastDueUnits" time="187.438" errors="0" timestamp="2022-12-15T18:59:22 IST" skipped="0">
  <testcase classname="tests.MoveOutForPastDueUnits" name="Login" time="30.359"/>
  <system-out/>
  <testcase classname="tests.MoveOutForPastDueUnits" name="clickMoveOutButtoninMOScreen" time="28.578"/>
  <system-out/>
  <testcase classname="tests.MoveOutForPastDueUnits" name="CustomerDashboardScreen" time="42.654"/>
  <system-out/>
  <testcase classname="tests.MoveOutForPastDueUnits" name="ClickMoveoutButton" time="5.204"/>
  <system-out/>
  <testcase classname="tests.MoveOutForPastDueUnits" name="documentGen" time="18.299"/>
  <system-out/>
  <testcase classname="tests.MoveOutForPastDueUnits" name="performPaymentatMoveout" time="31.719"/>
  <system-out/>
  <testcase classname="tests.MoveOutForPastDueUnits" name="CustomerListingScreen" time="30.625"/>
  <system-out/>
</testsuite> <!-- tests.MoveOutForPastDueUnits -->
