<?xml version="1.0" encoding="UTF-8"?>
<!-- Generated by org.testng.reporters.JUnitReportReporter -->
<testsuite hostname="MPC40" failures="0" tests="1" name="ssmproject.ledger_verify" time="0.036" errors="0" timestamp="2022-09-20T11:00:07 IST" skipped="0">
  <testcase classname="ssmproject.ledger_verify" name="Definition" time="0.036"/>
  <system-out/>
</testsuite> <!-- ssmproject.ledger_verify -->
