<?xml version="1.0" encoding="UTF-8"?>
<!-- Generated by org.testng.reporters.JUnitReportReporter -->
<testsuite hostname="MPC40" failures="0" tests="14" name="tests.Perform_Rental_Without_Insurance" time="379.714" errors="0" timestamp="2022-12-13T15:27:12 IST" skipped="0">
  <testcase classname="tests.Perform_Rental_Without_Insurance" name="CustomerListingScreen" time="0.006"/>
  <system-out/>
  <testcase classname="tests.Perform_Rental_Without_Insurance" name="ProspectsClickNewButton" time="16.833"/>
  <system-out/>
  <testcase classname="tests.Perform_Rental_Without_Insurance" name="UnitInfoAfterTransaction" time="0.002"/>
  <system-out/>
  <testcase classname="tests.Perform_Rental_Without_Insurance" name="ContactInfoScreen" time="18.269"/>
  <system-out/>
  <testcase classname="tests.Perform_Rental_Without_Insurance" name="UnitInfoScreen" time="73.011"/>
  <system-out/>
  <testcase classname="tests.Perform_Rental_Without_Insurance" name="CustomerInfo" time="68.295"/>
  <system-out/>
  <testcase classname="tests.Perform_Rental_Without_Insurance" name="ClickCompleteRental" time="1.398"/>
  <system-out/>
  <testcase classname="tests.Perform_Rental_Without_Insurance" name="Login" time="30.728"/>
  <system-out/>
  <testcase classname="tests.Perform_Rental_Without_Insurance" name="RentalVerify" time="8.050"/>
  <system-out/>
  <testcase classname="tests.Perform_Rental_Without_Insurance" name="AddDemographic" time="23.955"/>
  <system-out/>
  <testcase classname="tests.Perform_Rental_Without_Insurance" name="removeInsurance" time="35.613"/>
  <system-out/>
  <testcase classname="tests.Perform_Rental_Without_Insurance" name="setUp" time="13.763"/>
  <system-out/>
  <testcase classname="tests.Perform_Rental_Without_Insurance" name="PaymentScreen" time="37.607"/>
  <system-out/>
  <testcase classname="tests.Perform_Rental_Without_Insurance" name="DocumentScreen" time="52.184"/>
  <system-out/>
</testsuite> <!-- tests.Perform_Rental_Without_Insurance -->
